2011-12-16 22:21:50 Warning: Warning (512): <span style="color:Red;text-align:left"><b>SQL Error:</b> 1452: Cannot add or update a child row: a foreign key constraint fails (`repositorium`.`attachfiles`, CONSTRAINT `fk_folios_documents1` FOREIGN KEY (`documents_id`) REFERENCES `documents` (`id`) ON DELETE CASCADE ON UPDATE NO ACTION)</span> in [D:\Cesar\xampp\repositorium\cake\libs\model\datasources\dbo_source.php, line 684]
2011-12-16 22:21:50 Warning: Warning (512): <span style="color:Red;text-align:left"><b>SQL Error:</b> 1054: Unknown column 'Attachfile.document_id' in 'field list'</span> in [D:\Cesar\xampp\repositorium\cake\libs\model\datasources\dbo_source.php, line 684]
2011-12-16 22:21:50 Warning: Warning (2): Invalid argument supplied for foreach() in [D:\Cesar\xampp\repositorium\cake\libs\model\datasources\dbo_source.php, line 1098]
2011-12-16 22:21:50 Warning: Warning (2): Cannot modify header information - headers already sent by (output started at D:\Cesar\xampp\repositorium\cake\libs\debugger.php:673) in [D:\Cesar\xampp\repositorium\cake\libs\controller\controller.php, line 742]
2011-12-17 01:55:17 Warning: Warning (2): mysql_result() expects parameter 1 to be resource, boolean given in [D:\Cesar\xampp\repositorium\app\controllers\checktitles_controller.php, line 26]
2011-12-17 01:56:19 Warning: Warning (2): mysql_result() expects parameter 1 to be resource, boolean given in [D:\Cesar\xampp\repositorium\app\controllers\checktitles_controller.php, line 26]
2011-12-17 01:56:39 Warning: Warning (2): mysql_result() expects parameter 1 to be resource, boolean given in [D:\Cesar\xampp\repositorium\app\controllers\checktitles_controller.php, line 26]
2011-12-17 01:56:57 Warning: Warning (2): mysql_result() expects parameter 1 to be resource, boolean given in [D:\Cesar\xampp\repositorium\app\controllers\checktitles_controller.php, line 26]
2011-12-17 01:57:40 Warning: Warning (2): mysql_result() expects parameter 1 to be resource, boolean given in [D:\Cesar\xampp\repositorium\app\controllers\checktitles_controller.php, line 26]
2011-12-17 01:58:04 Warning: Warning (2): mysql_result() expects parameter 1 to be resource, boolean given in [D:\Cesar\xampp\repositorium\app\controllers\checktitles_controller.php, line 26]
2011-12-17 01:58:19 Warning: Warning (2): mysql_result() expects parameter 1 to be resource, boolean given in [D:\Cesar\xampp\repositorium\app\controllers\checktitles_controller.php, line 26]
2011-12-17 01:58:50 Warning: Warning (2): mysql_result() expects parameter 1 to be resource, boolean given in [D:\Cesar\xampp\repositorium\app\controllers\checktitles_controller.php, line 27]
2011-12-17 02:52:52 Warning: Warning (2): mysql_result() expects parameter 1 to be resource, boolean given in [D:\Cesar\xampp\repositorium\app\controllers\checkcontents_controller.php, line 26]
2011-12-17 04:18:19 Warning: Warning (512): <span style="color:Red;text-align:left"><b>SQL Error:</b> 1054: Unknown column 'Document.tags' in 'where clause'</span> in [D:\Cesar\xampp\repositorium\cake\libs\model\datasources\dbo_source.php, line 684]
2011-12-17 04:18:19 Warning: Warning (2): Invalid argument supplied for foreach() in [D:\Cesar\xampp\repositorium\app\models\document.php, line 154]
2011-12-17 21:01:02 Warning: Warning (512): <span style="color:Red;text-align:left"><b>SQL Error:</b> 1052: Column 'user_id' in where clause is ambiguous</span> in [D:\Cesar\xampp\repositorium\cake\libs\model\datasources\dbo_source.php, line 684]
2011-12-17 17:23:43 Warning: Warning (2): mysql_connect() [<a href='function.mysql-connect'>function.mysql-connect</a>]: Can't connect to local MySQL server through socket '/var/lib/mysql/mysql.sock' (2) in [/home/content/26/6686926/html/repositorium/cake/libs/model/datasources/dbo/dbo_mysql.php, line 552]
2011-12-17 17:23:43 Warning: Warning (2): mysql_select_db(): supplied argument is not a valid MySQL-Link resource in [/home/content/26/6686926/html/repositorium/cake/libs/model/datasources/dbo/dbo_mysql.php, line 558]
2011-12-17 17:23:43 Warning: Warning (2): mysql_get_server_info(): supplied argument is not a valid MySQL-Link resource in [/home/content/26/6686926/html/repositorium/cake/libs/model/datasources/dbo/dbo_mysql.php, line 566]
2011-12-17 17:23:44 Warning: Warning (2): mysql_query(): supplied argument is not a valid MySQL-Link resource in [/home/content/26/6686926/html/repositorium/cake/libs/model/datasources/dbo/dbo_mysql.php, line 600]
2011-12-17 17:23:44 Warning: Warning (2): mysql_errno(): supplied argument is not a valid MySQL-Link resource in [/home/content/26/6686926/html/repositorium/cake/libs/model/datasources/dbo/dbo_mysql.php, line 682]
2011-12-17 17:23:54 Warning: Warning (2): mysql_connect() [<a href='function.mysql-connect'>function.mysql-connect</a>]: Can't connect to local MySQL server through socket '/var/lib/mysql/mysql.sock' (2) in [/home/content/26/6686926/html/repositorium/cake/libs/model/datasources/dbo/dbo_mysql.php, line 552]
2011-12-17 17:23:54 Warning: Warning (2): mysql_select_db(): supplied argument is not a valid MySQL-Link resource in [/home/content/26/6686926/html/repositorium/cake/libs/model/datasources/dbo/dbo_mysql.php, line 558]
2011-12-17 17:23:54 Warning: Warning (2): mysql_get_server_info(): supplied argument is not a valid MySQL-Link resource in [/home/content/26/6686926/html/repositorium/cake/libs/model/datasources/dbo/dbo_mysql.php, line 566]
2011-12-17 17:23:54 Warning: Warning (2): mysql_query(): supplied argument is not a valid MySQL-Link resource in [/home/content/26/6686926/html/repositorium/cake/libs/model/datasources/dbo/dbo_mysql.php, line 600]
2011-12-17 17:23:54 Warning: Warning (2): mysql_errno(): supplied argument is not a valid MySQL-Link resource in [/home/content/26/6686926/html/repositorium/cake/libs/model/datasources/dbo/dbo_mysql.php, line 682]
2011-12-17 17:24:12 Warning: Warning (2): mysql_connect() [<a href='function.mysql-connect'>function.mysql-connect</a>]: Can't connect to local MySQL server through socket '/var/lib/mysql/mysql.sock' (2) in [/home/content/26/6686926/html/repositorium/cake/libs/model/datasources/dbo/dbo_mysql.php, line 552]
2011-12-17 17:24:12 Warning: Warning (2): mysql_select_db(): supplied argument is not a valid MySQL-Link resource in [/home/content/26/6686926/html/repositorium/cake/libs/model/datasources/dbo/dbo_mysql.php, line 558]
2011-12-17 17:24:12 Warning: Warning (2): mysql_get_server_info(): supplied argument is not a valid MySQL-Link resource in [/home/content/26/6686926/html/repositorium/cake/libs/model/datasources/dbo/dbo_mysql.php, line 566]
2011-12-17 17:24:12 Warning: Warning (2): mysql_query(): supplied argument is not a valid MySQL-Link resource in [/home/content/26/6686926/html/repositorium/cake/libs/model/datasources/dbo/dbo_mysql.php, line 600]
2011-12-17 17:24:12 Warning: Warning (2): mysql_errno(): supplied argument is not a valid MySQL-Link resource in [/home/content/26/6686926/html/repositorium/cake/libs/model/datasources/dbo/dbo_mysql.php, line 682]
2011-12-17 17:24:18 Warning: Warning (2): mysql_connect() [<a href='function.mysql-connect'>function.mysql-connect</a>]: Can't connect to local MySQL server through socket '/var/lib/mysql/mysql.sock' (2) in [/home/content/26/6686926/html/repositorium/cake/libs/model/datasources/dbo/dbo_mysql.php, line 552]
2011-12-17 17:24:18 Warning: Warning (2): mysql_select_db(): supplied argument is not a valid MySQL-Link resource in [/home/content/26/6686926/html/repositorium/cake/libs/model/datasources/dbo/dbo_mysql.php, line 558]
2011-12-17 17:24:18 Warning: Warning (2): mysql_get_server_info(): supplied argument is not a valid MySQL-Link resource in [/home/content/26/6686926/html/repositorium/cake/libs/model/datasources/dbo/dbo_mysql.php, line 566]
2011-12-17 17:24:18 Warning: Warning (2): mysql_query(): supplied argument is not a valid MySQL-Link resource in [/home/content/26/6686926/html/repositorium/cake/libs/model/datasources/dbo/dbo_mysql.php, line 600]
2011-12-17 17:24:18 Warning: Warning (2): mysql_errno(): supplied argument is not a valid MySQL-Link resource in [/home/content/26/6686926/html/repositorium/cake/libs/model/datasources/dbo/dbo_mysql.php, line 682]
2011-12-17 17:31:06 Warning: Warning (2): mysql_connect() [<a href='function.mysql-connect'>function.mysql-connect</a>]: Can't connect to local MySQL server through socket '/var/lib/mysql/mysql.sock' (2) in [/home/content/26/6686926/html/repositorium/cake/libs/model/datasources/dbo/dbo_mysql.php, line 552]
2011-12-17 17:31:06 Warning: Warning (2): mysql_select_db(): supplied argument is not a valid MySQL-Link resource in [/home/content/26/6686926/html/repositorium/cake/libs/model/datasources/dbo/dbo_mysql.php, line 558]
2011-12-17 17:31:06 Warning: Warning (2): mysql_get_server_info(): supplied argument is not a valid MySQL-Link resource in [/home/content/26/6686926/html/repositorium/cake/libs/model/datasources/dbo/dbo_mysql.php, line 566]
2011-12-17 17:31:06 Warning: Warning (2): mysql_query(): supplied argument is not a valid MySQL-Link resource in [/home/content/26/6686926/html/repositorium/cake/libs/model/datasources/dbo/dbo_mysql.php, line 600]
2011-12-17 17:31:06 Warning: Warning (2): mysql_errno(): supplied argument is not a valid MySQL-Link resource in [/home/content/26/6686926/html/repositorium/cake/libs/model/datasources/dbo/dbo_mysql.php, line 682]
2011-12-17 17:33:41 Warning: Warning (2): mysql_connect() [<a href='function.mysql-connect'>function.mysql-connect</a>]: Can't connect to local MySQL server through socket '/var/lib/mysql/mysql.sock' (2) in [/home/content/26/6686926/html/repositorium/cake/libs/model/datasources/dbo/dbo_mysql.php, line 552]
2011-12-17 17:33:41 Warning: Warning (2): mysql_select_db(): supplied argument is not a valid MySQL-Link resource in [/home/content/26/6686926/html/repositorium/cake/libs/model/datasources/dbo/dbo_mysql.php, line 558]
2011-12-17 17:33:41 Warning: Warning (2): mysql_get_server_info(): supplied argument is not a valid MySQL-Link resource in [/home/content/26/6686926/html/repositorium/cake/libs/model/datasources/dbo/dbo_mysql.php, line 566]
2011-12-17 17:33:41 Warning: Warning (2): mysql_query(): supplied argument is not a valid MySQL-Link resource in [/home/content/26/6686926/html/repositorium/cake/libs/model/datasources/dbo/dbo_mysql.php, line 600]
2011-12-17 17:33:41 Warning: Warning (2): mysql_errno(): supplied argument is not a valid MySQL-Link resource in [/home/content/26/6686926/html/repositorium/cake/libs/model/datasources/dbo/dbo_mysql.php, line 682]
2011-12-17 17:34:16 Warning: Warning (2): mysql_connect() [<a href='function.mysql-connect'>function.mysql-connect</a>]: Can't connect to local MySQL server through socket '/var/lib/mysql/mysql.sock' (2) in [/home/content/26/6686926/html/repositorium/cake/libs/model/datasources/dbo/dbo_mysql.php, line 552]
2011-12-17 17:34:16 Warning: Warning (2): mysql_select_db(): supplied argument is not a valid MySQL-Link resource in [/home/content/26/6686926/html/repositorium/cake/libs/model/datasources/dbo/dbo_mysql.php, line 558]
2011-12-17 17:34:16 Warning: Warning (2): mysql_get_server_info(): supplied argument is not a valid MySQL-Link resource in [/home/content/26/6686926/html/repositorium/cake/libs/model/datasources/dbo/dbo_mysql.php, line 566]
2011-12-17 17:34:16 Warning: Warning (2): mysql_query(): supplied argument is not a valid MySQL-Link resource in [/home/content/26/6686926/html/repositorium/cake/libs/model/datasources/dbo/dbo_mysql.php, line 600]
2011-12-17 17:34:16 Warning: Warning (2): mysql_errno(): supplied argument is not a valid MySQL-Link resource in [/home/content/26/6686926/html/repositorium/cake/libs/model/datasources/dbo/dbo_mysql.php, line 682]
2011-12-17 17:34:20 Warning: Warning (2): mysql_connect() [<a href='function.mysql-connect'>function.mysql-connect</a>]: Can't connect to local MySQL server through socket '/var/lib/mysql/mysql.sock' (2) in [/home/content/26/6686926/html/repositorium/cake/libs/model/datasources/dbo/dbo_mysql.php, line 552]
2011-12-17 17:34:20 Warning: Warning (2): mysql_select_db(): supplied argument is not a valid MySQL-Link resource in [/home/content/26/6686926/html/repositorium/cake/libs/model/datasources/dbo/dbo_mysql.php, line 558]
2011-12-17 17:34:20 Warning: Warning (2): mysql_get_server_info(): supplied argument is not a valid MySQL-Link resource in [/home/content/26/6686926/html/repositorium/cake/libs/model/datasources/dbo/dbo_mysql.php, line 566]
2011-12-17 17:34:42 Warning: Warning (2): mysql_connect() [<a href='function.mysql-connect'>function.mysql-connect</a>]: Can't connect to local MySQL server through socket '/var/lib/mysql/mysql.sock' (2) in [/home/content/26/6686926/html/repositorium/cake/libs/model/datasources/dbo/dbo_mysql.php, line 552]
2011-12-17 17:34:42 Warning: Warning (2): mysql_select_db(): supplied argument is not a valid MySQL-Link resource in [/home/content/26/6686926/html/repositorium/cake/libs/model/datasources/dbo/dbo_mysql.php, line 558]
2011-12-17 17:34:42 Warning: Warning (2): mysql_get_server_info(): supplied argument is not a valid MySQL-Link resource in [/home/content/26/6686926/html/repositorium/cake/libs/model/datasources/dbo/dbo_mysql.php, line 566]
2011-12-17 17:34:42 Warning: Warning (2): mysql_real_escape_string() expects parameter 2 to be resource, boolean given in [/home/content/26/6686926/html/repositorium/cake/libs/model/datasources/dbo/dbo_mysql.php, line 671]
2011-12-17 17:34:42 Warning: Warning (2): mysql_query(): supplied argument is not a valid MySQL-Link resource in [/home/content/26/6686926/html/repositorium/cake/libs/model/datasources/dbo/dbo_mysql.php, line 600]
2011-12-17 17:34:42 Warning: Warning (2): mysql_errno(): supplied argument is not a valid MySQL-Link resource in [/home/content/26/6686926/html/repositorium/cake/libs/model/datasources/dbo/dbo_mysql.php, line 682]
2011-12-17 17:34:42 Warning: Warning (2): Invalid argument supplied for foreach() in [/home/content/26/6686926/html/repositorium/app/models/user.php, line 231]
2011-12-17 17:34:54 Warning: Warning (2): mysql_connect() [<a href='function.mysql-connect'>function.mysql-connect</a>]: Can't connect to local MySQL server through socket '/var/lib/mysql/mysql.sock' (2) in [/home/content/26/6686926/html/repositorium/cake/libs/model/datasources/dbo/dbo_mysql.php, line 552]
2011-12-17 17:34:54 Warning: Warning (2): mysql_select_db(): supplied argument is not a valid MySQL-Link resource in [/home/content/26/6686926/html/repositorium/cake/libs/model/datasources/dbo/dbo_mysql.php, line 558]
2011-12-17 17:34:54 Warning: Warning (2): mysql_get_server_info(): supplied argument is not a valid MySQL-Link resource in [/home/content/26/6686926/html/repositorium/cake/libs/model/datasources/dbo/dbo_mysql.php, line 566]
2011-12-17 17:34:54 Warning: Warning (2): mysql_real_escape_string() expects parameter 2 to be resource, boolean given in [/home/content/26/6686926/html/repositorium/cake/libs/model/datasources/dbo/dbo_mysql.php, line 671]
2011-12-17 17:34:54 Warning: Warning (2): mysql_query(): supplied argument is not a valid MySQL-Link resource in [/home/content/26/6686926/html/repositorium/cake/libs/model/datasources/dbo/dbo_mysql.php, line 600]
2011-12-17 17:34:54 Warning: Warning (2): mysql_errno(): supplied argument is not a valid MySQL-Link resource in [/home/content/26/6686926/html/repositorium/cake/libs/model/datasources/dbo/dbo_mysql.php, line 682]
2011-12-17 17:34:54 Warning: Warning (2): Invalid argument supplied for foreach() in [/home/content/26/6686926/html/repositorium/app/models/user.php, line 231]
2011-12-17 17:35:00 Warning: Warning (2): mysql_connect() [<a href='function.mysql-connect'>function.mysql-connect</a>]: Can't connect to local MySQL server through socket '/var/lib/mysql/mysql.sock' (2) in [/home/content/26/6686926/html/repositorium/cake/libs/model/datasources/dbo/dbo_mysql.php, line 552]
2011-12-17 17:35:00 Warning: Warning (2): mysql_select_db(): supplied argument is not a valid MySQL-Link resource in [/home/content/26/6686926/html/repositorium/cake/libs/model/datasources/dbo/dbo_mysql.php, line 558]
2011-12-17 17:35:00 Warning: Warning (2): mysql_get_server_info(): supplied argument is not a valid MySQL-Link resource in [/home/content/26/6686926/html/repositorium/cake/libs/model/datasources/dbo/dbo_mysql.php, line 566]
2011-12-17 17:35:43 Warning: Warning (2): mysql_connect() [<a href='function.mysql-connect'>function.mysql-connect</a>]: Can't connect to local MySQL server through socket '/var/lib/mysql/mysql.sock' (2) in [/home/content/26/6686926/html/repositorium/cake/libs/model/datasources/dbo/dbo_mysql.php, line 552]
2011-12-17 17:35:43 Warning: Warning (2): mysql_select_db(): supplied argument is not a valid MySQL-Link resource in [/home/content/26/6686926/html/repositorium/cake/libs/model/datasources/dbo/dbo_mysql.php, line 558]
2011-12-17 17:35:43 Warning: Warning (2): mysql_get_server_info(): supplied argument is not a valid MySQL-Link resource in [/home/content/26/6686926/html/repositorium/cake/libs/model/datasources/dbo/dbo_mysql.php, line 566]
2011-12-17 17:35:51 Warning: Warning (2): mysql_connect() [<a href='function.mysql-connect'>function.mysql-connect</a>]: Can't connect to local MySQL server through socket '/var/lib/mysql/mysql.sock' (2) in [/home/content/26/6686926/html/repositorium/cake/libs/model/datasources/dbo/dbo_mysql.php, line 552]
2011-12-17 17:35:51 Warning: Warning (2): mysql_select_db(): supplied argument is not a valid MySQL-Link resource in [/home/content/26/6686926/html/repositorium/cake/libs/model/datasources/dbo/dbo_mysql.php, line 558]
2011-12-17 17:35:51 Warning: Warning (2): mysql_get_server_info(): supplied argument is not a valid MySQL-Link resource in [/home/content/26/6686926/html/repositorium/cake/libs/model/datasources/dbo/dbo_mysql.php, line 566]
2011-12-17 17:35:52 Warning: Warning (2): mysql_real_escape_string() expects parameter 2 to be resource, boolean given in [/home/content/26/6686926/html/repositorium/cake/libs/model/datasources/dbo/dbo_mysql.php, line 671]
2011-12-17 17:35:52 Warning: Warning (2): mysql_query(): supplied argument is not a valid MySQL-Link resource in [/home/content/26/6686926/html/repositorium/cake/libs/model/datasources/dbo/dbo_mysql.php, line 600]
2011-12-17 17:35:52 Warning: Warning (2): mysql_errno(): supplied argument is not a valid MySQL-Link resource in [/home/content/26/6686926/html/repositorium/cake/libs/model/datasources/dbo/dbo_mysql.php, line 682]
2011-12-17 17:35:52 Warning: Warning (2): Invalid argument supplied for foreach() in [/home/content/26/6686926/html/repositorium/app/models/user.php, line 231]
2011-12-17 17:36:50 Warning: Warning (2): mysql_connect() [<a href='function.mysql-connect'>function.mysql-connect</a>]: Can't connect to local MySQL server through socket '/var/lib/mysql/mysql.sock' (2) in [/home/content/26/6686926/html/repositorium/cake/libs/model/datasources/dbo/dbo_mysql.php, line 552]
2011-12-17 17:36:50 Warning: Warning (2): mysql_select_db(): supplied argument is not a valid MySQL-Link resource in [/home/content/26/6686926/html/repositorium/cake/libs/model/datasources/dbo/dbo_mysql.php, line 558]
2011-12-17 17:36:50 Warning: Warning (2): mysql_get_server_info(): supplied argument is not a valid MySQL-Link resource in [/home/content/26/6686926/html/repositorium/cake/libs/model/datasources/dbo/dbo_mysql.php, line 566]
2011-12-17 17:37:14 Warning: Warning (2): mysql_connect() [<a href='function.mysql-connect'>function.mysql-connect</a>]: Can't connect to local MySQL server through socket '/var/lib/mysql/mysql.sock' (2) in [/home/content/26/6686926/html/repositorium/cake/libs/model/datasources/dbo/dbo_mysql.php, line 552]
2011-12-17 17:37:14 Warning: Warning (2): mysql_select_db(): supplied argument is not a valid MySQL-Link resource in [/home/content/26/6686926/html/repositorium/cake/libs/model/datasources/dbo/dbo_mysql.php, line 558]
2011-12-17 17:37:14 Warning: Warning (2): mysql_get_server_info(): supplied argument is not a valid MySQL-Link resource in [/home/content/26/6686926/html/repositorium/cake/libs/model/datasources/dbo/dbo_mysql.php, line 566]
2011-12-17 17:37:14 Warning: Warning (2): mysql_real_escape_string() expects parameter 2 to be resource, boolean given in [/home/content/26/6686926/html/repositorium/cake/libs/model/datasources/dbo/dbo_mysql.php, line 671]
2011-12-17 17:37:14 Warning: Warning (2): mysql_real_escape_string() expects parameter 2 to be resource, boolean given in [/home/content/26/6686926/html/repositorium/cake/libs/model/datasources/dbo/dbo_mysql.php, line 671]
2011-12-17 17:37:14 Warning: Warning (2): mysql_real_escape_string() expects parameter 2 to be resource, boolean given in [/home/content/26/6686926/html/repositorium/cake/libs/model/datasources/dbo/dbo_mysql.php, line 671]
2011-12-17 17:37:14 Warning: Warning (2): mysql_real_escape_string() expects parameter 2 to be resource, boolean given in [/home/content/26/6686926/html/repositorium/cake/libs/model/datasources/dbo/dbo_mysql.php, line 671]
2011-12-17 17:37:14 Warning: Warning (2): mysql_real_escape_string() expects parameter 2 to be resource, boolean given in [/home/content/26/6686926/html/repositorium/cake/libs/model/datasources/dbo/dbo_mysql.php, line 671]
2011-12-17 17:37:14 Warning: Warning (2): mysql_real_escape_string() expects parameter 2 to be resource, boolean given in [/home/content/26/6686926/html/repositorium/cake/libs/model/datasources/dbo/dbo_mysql.php, line 671]
2011-12-17 17:37:14 Warning: Warning (2): mysql_real_escape_string() expects parameter 2 to be resource, boolean given in [/home/content/26/6686926/html/repositorium/cake/libs/model/datasources/dbo/dbo_mysql.php, line 671]
2011-12-17 17:37:14 Warning: Warning (2): mysql_query(): supplied argument is not a valid MySQL-Link resource in [/home/content/26/6686926/html/repositorium/cake/libs/model/datasources/dbo/dbo_mysql.php, line 600]
2011-12-17 17:37:14 Warning: Warning (2): mysql_errno(): supplied argument is not a valid MySQL-Link resource in [/home/content/26/6686926/html/repositorium/cake/libs/model/datasources/dbo/dbo_mysql.php, line 682]
2011-12-17 17:40:12 Warning: Warning (2): mysql_connect() [<a href='function.mysql-connect'>function.mysql-connect</a>]: Can't connect to local MySQL server through socket '/var/lib/mysql/mysql.sock' (2) in [/home/content/26/6686926/html/repositorium/cake/libs/model/datasources/dbo/dbo_mysql.php, line 552]
2011-12-17 17:40:12 Warning: Warning (2): mysql_select_db(): supplied argument is not a valid MySQL-Link resource in [/home/content/26/6686926/html/repositorium/cake/libs/model/datasources/dbo/dbo_mysql.php, line 558]
2011-12-17 17:40:12 Warning: Warning (2): mysql_get_server_info(): supplied argument is not a valid MySQL-Link resource in [/home/content/26/6686926/html/repositorium/cake/libs/model/datasources/dbo/dbo_mysql.php, line 566]
2011-12-17 17:40:20 Warning: Warning (2): mysql_connect() [<a href='function.mysql-connect'>function.mysql-connect</a>]: Can't connect to local MySQL server through socket '/var/lib/mysql/mysql.sock' (2) in [/home/content/26/6686926/html/repositorium/cake/libs/model/datasources/dbo/dbo_mysql.php, line 552]
2011-12-17 17:40:20 Warning: Warning (2): mysql_select_db(): supplied argument is not a valid MySQL-Link resource in [/home/content/26/6686926/html/repositorium/cake/libs/model/datasources/dbo/dbo_mysql.php, line 558]
2011-12-17 17:40:20 Warning: Warning (2): mysql_get_server_info(): supplied argument is not a valid MySQL-Link resource in [/home/content/26/6686926/html/repositorium/cake/libs/model/datasources/dbo/dbo_mysql.php, line 566]
2011-12-17 17:40:20 Warning: Warning (2): mysql_real_escape_string() expects parameter 2 to be resource, boolean given in [/home/content/26/6686926/html/repositorium/cake/libs/model/datasources/dbo/dbo_mysql.php, line 671]
2011-12-17 17:40:20 Warning: Warning (2): mysql_query(): supplied argument is not a valid MySQL-Link resource in [/home/content/26/6686926/html/repositorium/cake/libs/model/datasources/dbo/dbo_mysql.php, line 600]
2011-12-17 17:40:20 Warning: Warning (2): mysql_errno(): supplied argument is not a valid MySQL-Link resource in [/home/content/26/6686926/html/repositorium/cake/libs/model/datasources/dbo/dbo_mysql.php, line 682]
2011-12-17 17:40:20 Warning: Warning (2): Invalid argument supplied for foreach() in [/home/content/26/6686926/html/repositorium/app/models/user.php, line 231]
2011-12-17 17:40:26 Warning: Warning (2): mysql_connect() [<a href='function.mysql-connect'>function.mysql-connect</a>]: Can't connect to local MySQL server through socket '/var/lib/mysql/mysql.sock' (2) in [/home/content/26/6686926/html/repositorium/cake/libs/model/datasources/dbo/dbo_mysql.php, line 552]
2011-12-17 17:40:26 Warning: Warning (2): mysql_select_db(): supplied argument is not a valid MySQL-Link resource in [/home/content/26/6686926/html/repositorium/cake/libs/model/datasources/dbo/dbo_mysql.php, line 558]
2011-12-17 17:40:26 Warning: Warning (2): mysql_get_server_info(): supplied argument is not a valid MySQL-Link resource in [/home/content/26/6686926/html/repositorium/cake/libs/model/datasources/dbo/dbo_mysql.php, line 566]
2011-12-17 17:40:27 Warning: Warning (2): mysql_real_escape_string() expects parameter 2 to be resource, boolean given in [/home/content/26/6686926/html/repositorium/cake/libs/model/datasources/dbo/dbo_mysql.php, line 671]
2011-12-17 17:40:27 Warning: Warning (2): mysql_query(): supplied argument is not a valid MySQL-Link resource in [/home/content/26/6686926/html/repositorium/cake/libs/model/datasources/dbo/dbo_mysql.php, line 600]
2011-12-17 17:40:27 Warning: Warning (2): mysql_errno(): supplied argument is not a valid MySQL-Link resource in [/home/content/26/6686926/html/repositorium/cake/libs/model/datasources/dbo/dbo_mysql.php, line 682]
2011-12-17 17:40:27 Warning: Warning (2): Invalid argument supplied for foreach() in [/home/content/26/6686926/html/repositorium/app/models/user.php, line 231]
2011-12-17 17:41:54 Warning: Warning (2): mysql_connect() [<a href='function.mysql-connect'>function.mysql-connect</a>]: Can't connect to local MySQL server through socket '/var/lib/mysql/mysql.sock' (2) in [/home/content/26/6686926/html/repositorium/cake/libs/model/datasources/dbo/dbo_mysql.php, line 552]
2011-12-17 17:41:54 Warning: Warning (2): mysql_select_db(): supplied argument is not a valid MySQL-Link resource in [/home/content/26/6686926/html/repositorium/cake/libs/model/datasources/dbo/dbo_mysql.php, line 558]
2011-12-17 17:41:54 Warning: Warning (2): mysql_get_server_info(): supplied argument is not a valid MySQL-Link resource in [/home/content/26/6686926/html/repositorium/cake/libs/model/datasources/dbo/dbo_mysql.php, line 566]
2011-12-17 17:41:55 Warning: Warning (2): mysql_connect() [<a href='function.mysql-connect'>function.mysql-connect</a>]: Can't connect to local MySQL server through socket '/var/lib/mysql/mysql.sock' (2) in [/home/content/26/6686926/html/repositorium/cake/libs/model/datasources/dbo/dbo_mysql.php, line 552]
2011-12-17 17:41:55 Warning: Warning (2): mysql_select_db(): supplied argument is not a valid MySQL-Link resource in [/home/content/26/6686926/html/repositorium/cake/libs/model/datasources/dbo/dbo_mysql.php, line 558]
2011-12-17 17:41:55 Warning: Warning (2): mysql_get_server_info(): supplied argument is not a valid MySQL-Link resource in [/home/content/26/6686926/html/repositorium/cake/libs/model/datasources/dbo/dbo_mysql.php, line 566]
2011-12-17 17:41:56 Warning: Warning (2): mysql_query(): supplied argument is not a valid MySQL-Link resource in [/home/content/26/6686926/html/repositorium/cake/libs/model/datasources/dbo/dbo_mysql.php, line 600]
2011-12-17 17:41:56 Warning: Warning (2): mysql_errno(): supplied argument is not a valid MySQL-Link resource in [/home/content/26/6686926/html/repositorium/cake/libs/model/datasources/dbo/dbo_mysql.php, line 682]
2011-12-17 17:42:00 Warning: Warning (2): mysql_connect() [<a href='function.mysql-connect'>function.mysql-connect</a>]: Can't connect to local MySQL server through socket '/var/lib/mysql/mysql.sock' (2) in [/home/content/26/6686926/html/repositorium/cake/libs/model/datasources/dbo/dbo_mysql.php, line 552]
2011-12-17 17:42:00 Warning: Warning (2): mysql_select_db(): supplied argument is not a valid MySQL-Link resource in [/home/content/26/6686926/html/repositorium/cake/libs/model/datasources/dbo/dbo_mysql.php, line 558]
2011-12-17 17:42:00 Warning: Warning (2): mysql_get_server_info(): supplied argument is not a valid MySQL-Link resource in [/home/content/26/6686926/html/repositorium/cake/libs/model/datasources/dbo/dbo_mysql.php, line 566]
2011-12-17 17:42:06 Warning: Warning (2): mysql_connect() [<a href='function.mysql-connect'>function.mysql-connect</a>]: Can't connect to local MySQL server through socket '/var/lib/mysql/mysql.sock' (2) in [/home/content/26/6686926/html/repositorium/cake/libs/model/datasources/dbo/dbo_mysql.php, line 552]
2011-12-17 17:42:06 Warning: Warning (2): mysql_select_db(): supplied argument is not a valid MySQL-Link resource in [/home/content/26/6686926/html/repositorium/cake/libs/model/datasources/dbo/dbo_mysql.php, line 558]
2011-12-17 17:42:06 Warning: Warning (2): mysql_get_server_info(): supplied argument is not a valid MySQL-Link resource in [/home/content/26/6686926/html/repositorium/cake/libs/model/datasources/dbo/dbo_mysql.php, line 566]
2011-12-17 17:42:06 Warning: Warning (2): mysql_real_escape_string() expects parameter 2 to be resource, boolean given in [/home/content/26/6686926/html/repositorium/cake/libs/model/datasources/dbo/dbo_mysql.php, line 671]
2011-12-17 17:42:06 Warning: Warning (2): mysql_real_escape_string() expects parameter 2 to be resource, boolean given in [/home/content/26/6686926/html/repositorium/cake/libs/model/datasources/dbo/dbo_mysql.php, line 671]
2011-12-17 17:42:06 Warning: Warning (2): mysql_real_escape_string() expects parameter 2 to be resource, boolean given in [/home/content/26/6686926/html/repositorium/cake/libs/model/datasources/dbo/dbo_mysql.php, line 671]
2011-12-17 17:42:06 Warning: Warning (2): mysql_real_escape_string() expects parameter 2 to be resource, boolean given in [/home/content/26/6686926/html/repositorium/cake/libs/model/datasources/dbo/dbo_mysql.php, line 671]
2011-12-17 17:42:06 Warning: Warning (2): mysql_real_escape_string() expects parameter 2 to be resource, boolean given in [/home/content/26/6686926/html/repositorium/cake/libs/model/datasources/dbo/dbo_mysql.php, line 671]
2011-12-17 17:42:06 Warning: Warning (2): mysql_real_escape_string() expects parameter 2 to be resource, boolean given in [/home/content/26/6686926/html/repositorium/cake/libs/model/datasources/dbo/dbo_mysql.php, line 671]
2011-12-17 17:42:06 Warning: Warning (2): mysql_real_escape_string() expects parameter 2 to be resource, boolean given in [/home/content/26/6686926/html/repositorium/cake/libs/model/datasources/dbo/dbo_mysql.php, line 671]
2011-12-17 17:42:06 Warning: Warning (2): mysql_query(): supplied argument is not a valid MySQL-Link resource in [/home/content/26/6686926/html/repositorium/cake/libs/model/datasources/dbo/dbo_mysql.php, line 600]
2011-12-17 17:42:06 Warning: Warning (2): mysql_errno(): supplied argument is not a valid MySQL-Link resource in [/home/content/26/6686926/html/repositorium/cake/libs/model/datasources/dbo/dbo_mysql.php, line 682]
2011-12-17 17:42:07 Warning: Warning (2): mysql_connect() [<a href='function.mysql-connect'>function.mysql-connect</a>]: Can't connect to local MySQL server through socket '/var/lib/mysql/mysql.sock' (2) in [/home/content/26/6686926/html/repositorium/cake/libs/model/datasources/dbo/dbo_mysql.php, line 552]
2011-12-17 17:42:07 Warning: Warning (2): mysql_select_db(): supplied argument is not a valid MySQL-Link resource in [/home/content/26/6686926/html/repositorium/cake/libs/model/datasources/dbo/dbo_mysql.php, line 558]
2011-12-17 17:42:07 Warning: Warning (2): mysql_get_server_info(): supplied argument is not a valid MySQL-Link resource in [/home/content/26/6686926/html/repositorium/cake/libs/model/datasources/dbo/dbo_mysql.php, line 566]
2011-12-17 17:42:08 Warning: Warning (2): mysql_real_escape_string() expects parameter 2 to be resource, boolean given in [/home/content/26/6686926/html/repositorium/cake/libs/model/datasources/dbo/dbo_mysql.php, line 671]
2011-12-17 17:42:08 Warning: Warning (2): mysql_query(): supplied argument is not a valid MySQL-Link resource in [/home/content/26/6686926/html/repositorium/cake/libs/model/datasources/dbo/dbo_mysql.php, line 600]
2011-12-17 17:42:08 Warning: Warning (2): mysql_errno(): supplied argument is not a valid MySQL-Link resource in [/home/content/26/6686926/html/repositorium/cake/libs/model/datasources/dbo/dbo_mysql.php, line 682]
2011-12-17 17:42:08 Warning: Warning (2): Invalid argument supplied for foreach() in [/home/content/26/6686926/html/repositorium/app/models/user.php, line 231]
2011-12-17 17:42:28 Warning: Warning (2): mysql_connect() [<a href='function.mysql-connect'>function.mysql-connect</a>]: Can't connect to local MySQL server through socket '/var/lib/mysql/mysql.sock' (2) in [/home/content/26/6686926/html/repositorium/cake/libs/model/datasources/dbo/dbo_mysql.php, line 552]
2011-12-17 17:42:28 Warning: Warning (2): mysql_select_db(): supplied argument is not a valid MySQL-Link resource in [/home/content/26/6686926/html/repositorium/cake/libs/model/datasources/dbo/dbo_mysql.php, line 558]
2011-12-17 17:42:28 Warning: Warning (2): mysql_get_server_info(): supplied argument is not a valid MySQL-Link resource in [/home/content/26/6686926/html/repositorium/cake/libs/model/datasources/dbo/dbo_mysql.php, line 566]
2011-12-17 17:42:28 Warning: Warning (2): mysql_real_escape_string() expects parameter 2 to be resource, boolean given in [/home/content/26/6686926/html/repositorium/cake/libs/model/datasources/dbo/dbo_mysql.php, line 671]
2011-12-17 17:42:28 Warning: Warning (2): mysql_query(): supplied argument is not a valid MySQL-Link resource in [/home/content/26/6686926/html/repositorium/cake/libs/model/datasources/dbo/dbo_mysql.php, line 600]
2011-12-17 17:42:28 Warning: Warning (2): mysql_errno(): supplied argument is not a valid MySQL-Link resource in [/home/content/26/6686926/html/repositorium/cake/libs/model/datasources/dbo/dbo_mysql.php, line 682]
2011-12-17 17:42:28 Warning: Warning (2): Invalid argument supplied for foreach() in [/home/content/26/6686926/html/repositorium/app/models/user.php, line 231]
2011-12-17 17:44:30 Warning: Warning (2): mysql_connect() [<a href='function.mysql-connect'>function.mysql-connect</a>]: Can't connect to local MySQL server through socket '/var/lib/mysql/mysql.sock' (2) in [/home/content/26/6686926/html/repositorium/cake/libs/model/datasources/dbo/dbo_mysql.php, line 552]
2011-12-17 17:44:30 Warning: Warning (2): mysql_select_db(): supplied argument is not a valid MySQL-Link resource in [/home/content/26/6686926/html/repositorium/cake/libs/model/datasources/dbo/dbo_mysql.php, line 558]
2011-12-17 17:44:30 Warning: Warning (2): mysql_get_server_info(): supplied argument is not a valid MySQL-Link resource in [/home/content/26/6686926/html/repositorium/cake/libs/model/datasources/dbo/dbo_mysql.php, line 566]
2011-12-17 17:44:30 Warning: Warning (2): mysql_real_escape_string() expects parameter 2 to be resource, boolean given in [/home/content/26/6686926/html/repositorium/cake/libs/model/datasources/dbo/dbo_mysql.php, line 671]
2011-12-17 17:44:30 Warning: Warning (2): mysql_real_escape_string() expects parameter 2 to be resource, boolean given in [/home/content/26/6686926/html/repositorium/cake/libs/model/datasources/dbo/dbo_mysql.php, line 671]
2011-12-17 17:44:30 Warning: Warning (2): mysql_real_escape_string() expects parameter 2 to be resource, boolean given in [/home/content/26/6686926/html/repositorium/cake/libs/model/datasources/dbo/dbo_mysql.php, line 671]
2011-12-17 17:44:30 Warning: Warning (2): mysql_real_escape_string() expects parameter 2 to be resource, boolean given in [/home/content/26/6686926/html/repositorium/cake/libs/model/datasources/dbo/dbo_mysql.php, line 671]
2011-12-17 17:44:30 Warning: Warning (2): mysql_real_escape_string() expects parameter 2 to be resource, boolean given in [/home/content/26/6686926/html/repositorium/cake/libs/model/datasources/dbo/dbo_mysql.php, line 671]
2011-12-17 17:44:30 Warning: Warning (2): mysql_real_escape_string() expects parameter 2 to be resource, boolean given in [/home/content/26/6686926/html/repositorium/cake/libs/model/datasources/dbo/dbo_mysql.php, line 671]
2011-12-17 17:44:30 Warning: Warning (2): mysql_real_escape_string() expects parameter 2 to be resource, boolean given in [/home/content/26/6686926/html/repositorium/cake/libs/model/datasources/dbo/dbo_mysql.php, line 671]
2011-12-17 17:44:30 Warning: Warning (2): mysql_query(): supplied argument is not a valid MySQL-Link resource in [/home/content/26/6686926/html/repositorium/cake/libs/model/datasources/dbo/dbo_mysql.php, line 600]
2011-12-17 17:44:30 Warning: Warning (2): mysql_errno(): supplied argument is not a valid MySQL-Link resource in [/home/content/26/6686926/html/repositorium/cake/libs/model/datasources/dbo/dbo_mysql.php, line 682]
2011-12-17 17:44:36 Warning: Warning (2): mysql_connect() [<a href='function.mysql-connect'>function.mysql-connect</a>]: Can't connect to local MySQL server through socket '/var/lib/mysql/mysql.sock' (2) in [/home/content/26/6686926/html/repositorium/cake/libs/model/datasources/dbo/dbo_mysql.php, line 552]
2011-12-17 17:44:36 Warning: Warning (2): mysql_select_db(): supplied argument is not a valid MySQL-Link resource in [/home/content/26/6686926/html/repositorium/cake/libs/model/datasources/dbo/dbo_mysql.php, line 558]
2011-12-17 17:44:36 Warning: Warning (2): mysql_get_server_info(): supplied argument is not a valid MySQL-Link resource in [/home/content/26/6686926/html/repositorium/cake/libs/model/datasources/dbo/dbo_mysql.php, line 566]
2011-12-17 18:08:28 Warning: Warning (2): array_rand() [<a href='function.array-rand'>function.array-rand</a>]: Second argument has to be between 1 and the number of elements in the array in [/home/content/26/6686926/html/repositorium/app/controllers/documents_controller.php, line 107]
2011-12-17 18:08:29 Warning: Warning (2): array_flip() [<a href='function.array-flip'>function.array-flip</a>]: Can only flip STRING and INTEGER values! in [/home/content/26/6686926/html/repositorium/app/controllers/documents_controller.php, line 109]
2011-12-18 06:43:04 Warning: Warning (512): <span style="color:Red;text-align:left"><b>SQL Error:</b> 1052: Column 'user_id' in where clause is ambiguous</span> in [/home/content/26/6686926/html/repositorium/cake/libs/model/datasources/dbo_source.php, line 684]
2011-12-18 06:43:04 Warning: Warning (2): Cannot modify header information - headers already sent by (output started at /home/content/26/6686926/html/repositorium/cake/libs/debugger.php:673) in [/home/content/26/6686926/html/repositorium/cake/libs/controller/controller.php, line 742]
2011-12-18 12:46:28 Warning: Warning (512): <span style="color:Red;text-align:left"><b>SQL Error:</b> 1052: Column 'user_id' in where clause is ambiguous</span> in [/home/content/26/6686926/html/repositorium/cake/libs/model/datasources/dbo_source.php, line 684]
2011-12-18 12:46:28 Warning: Warning (2): Cannot modify header information - headers already sent by (output started at /home/content/26/6686926/html/repositorium/cake/libs/debugger.php:673) in [/home/content/26/6686926/html/repositorium/cake/libs/controller/controller.php, line 742]
2011-12-18 12:47:00 Warning: Warning (512): <span style="color:Red;text-align:left"><b>SQL Error:</b> 1052: Column 'user_id' in where clause is ambiguous</span> in [/home/content/26/6686926/html/repositorium/cake/libs/model/datasources/dbo_source.php, line 684]
2011-12-18 12:47:00 Warning: Warning (2): Cannot modify header information - headers already sent by (output started at /home/content/26/6686926/html/repositorium/cake/libs/debugger.php:673) in [/home/content/26/6686926/html/repositorium/cake/libs/controller/controller.php, line 742]
2011-12-18 17:59:57 Warning: Warning (512): <span style="color:Red;text-align:left"><b>SQL Error:</b> 1064: You have an error in your SQL syntax; check the manual that corresponds to your MySQL server version for the right syntax to use near 'findFilesCount' at line 1</span> in [/home/content/26/6686926/html/repositorium/cake/libs/model/datasources/dbo_source.php, line 684]
2011-12-18 17:59:57 Warning: Warning (2): Cannot modify header information - headers already sent by (output started at /home/content/26/6686926/html/repositorium/cake/libs/debugger.php:673) in [/home/content/26/6686926/html/repositorium/cake/libs/controller/controller.php, line 742]
2011-12-18 18:00:40 Warning: Warning (2): Cannot modify header information - headers already sent by (output started at /home/content/26/6686926/html/repositorium/cake/libs/debugger.php:673) in [/home/content/26/6686926/html/repositorium/cake/libs/controller/controller.php, line 742]
2011-12-18 18:01:15 Warning: Warning (2): Cannot modify header information - headers already sent by (output started at /home/content/26/6686926/html/repositorium/cake/libs/debugger.php:673) in [/home/content/26/6686926/html/repositorium/cake/libs/controller/controller.php, line 742]
2011-12-18 18:48:13 Warning: Warning (512): <span style="color:Red;text-align:left"><b>SQL Error:</b> 1052: Column 'user_id' in where clause is ambiguous</span> in [/home/content/26/6686926/html/repositorium/cake/libs/model/datasources/dbo_source.php, line 684]
2011-12-18 18:48:13 Warning: Warning (2): Cannot modify header information - headers already sent by (output started at /home/content/26/6686926/html/repositorium/cake/libs/debugger.php:673) in [/home/content/26/6686926/html/repositorium/cake/libs/controller/controller.php, line 742]
2011-12-18 22:04:52 Warning: Warning (2): array_rand() [<a href='function.array-rand'>function.array-rand</a>]: Second argument has to be between 1 and the number of elements in the array in [/home/content/26/6686926/html/repositorium/app/controllers/documents_controller.php, line 104]
2011-12-18 22:04:52 Warning: Warning (2): array_flip() [<a href='function.array-flip'>function.array-flip</a>]: Can only flip STRING and INTEGER values! in [/home/content/26/6686926/html/repositorium/app/controllers/documents_controller.php, line 106]
2011-12-18 22:11:51 Warning: Warning (2): array_rand() [<a href='function.array-rand'>function.array-rand</a>]: Second argument has to be between 1 and the number of elements in the array in [/home/content/26/6686926/html/repositorium/app/controllers/documents_controller.php, line 104]
2011-12-18 22:11:51 Warning: Warning (2): array_flip() [<a href='function.array-flip'>function.array-flip</a>]: Can only flip STRING and INTEGER values! in [/home/content/26/6686926/html/repositorium/app/controllers/documents_controller.php, line 106]
2012-01-09 00:27:25 Warning: Warning (2): Cannot modify header information - headers already sent by (output started at D:\Cesar\xampp\repositorium\cake\libs\debugger.php:673) in [D:\Cesar\xampp\repositorium\cake\libs\controller\controller.php, line 742]
2012-01-08 21:31:20 Warning: Warning (2): array_rand() [<a href='function.array-rand'>function.array-rand</a>]: Second argument has to be between 1 and the number of elements in the array in [C:\xampp\repositorium\app\controllers\documents_controller.php, line 104]
2012-01-08 21:31:20 Warning: Warning (2): array_flip() [<a href='function.array-flip'>function.array-flip</a>]: Can only flip STRING and INTEGER values! in [C:\xampp\repositorium\app\controllers\documents_controller.php, line 106]
2012-01-09 11:30:25 Warning: Warning (2): Cannot modify header information - headers already sent by (output started at C:\xampp\repositorium\app\controllers\admin_documentos_controller.php:216) in [C:\xampp\htdocs\repositorium\cake\libs\controller\controller.php, line 742]
2012-01-09 11:31:11 Warning: Warning (2): Cannot modify header information - headers already sent by (output started at C:\xampp\repositorium\app\controllers\admin_documentos_controller.php:216) in [C:\xampp\htdocs\repositorium\cake\libs\controller\controller.php, line 742]
2012-01-09 11:31:15 Warning: Warning (2): Cannot modify header information - headers already sent by (output started at C:\xampp\repositorium\app\controllers\admin_documentos_controller.php:216) in [C:\xampp\htdocs\repositorium\cake\libs\controller\controller.php, line 742]
2012-01-09 11:31:26 Warning: Warning (2): Cannot modify header information - headers already sent by (output started at C:\xampp\repositorium\app\controllers\admin_documentos_controller.php:216) in [C:\xampp\htdocs\repositorium\cake\libs\controller\controller.php, line 742]
2012-01-09 12:44:50 Warning: Warning (2): Missing argument 4 for DocumentsController::getWarnedDocuments(), called in C:\xampp\repositorium\app\controllers\documents_controller.php on line 318 and defined in [C:\xampp\repositorium\app\controllers\documents_controller.php, line 202]
2012-01-09 13:04:00 Warning: Warning (2): Cannot modify header information - headers already sent by (output started at C:\xampp\repositorium\app\controllers\documents_controller.php:309) in [C:\xampp\htdocs\repositorium\cake\libs\controller\controller.php, line 742]
2012-01-09 13:10:40 Warning: Warning (2): Cannot modify header information - headers already sent by (output started at C:\xampp\repositorium\app\controllers\documents_controller.php:309) in [C:\xampp\htdocs\repositorium\cake\libs\controller\controller.php, line 742]
2012-01-09 13:12:30 Warning: Warning (2): Cannot modify header information - headers already sent by (output started at C:\xampp\repositorium\app\controllers\documents_controller.php:309) in [C:\xampp\htdocs\repositorium\cake\libs\controller\controller.php, line 742]
2012-01-09 13:25:07 Warning: Warning (2): Cannot modify header information - headers already sent by (output started at C:\xampp\repositorium\app\controllers\documents_controller.php:309) in [C:\xampp\htdocs\repositorium\cake\libs\controller\controller.php, line 742]
2012-01-09 13:27:22 Warning: Warning (2): Cannot modify header information - headers already sent by (output started at C:\xampp\repositorium\app\controllers\documents_controller.php:309) in [C:\xampp\htdocs\repositorium\cake\libs\controller\controller.php, line 742]
2012-01-09 13:29:29 Warning: Warning (2): Cannot modify header information - headers already sent by (output started at C:\xampp\repositorium\app\controllers\documents_controller.php:245) in [C:\xampp\htdocs\repositorium\cake\libs\controller\controller.php, line 742]
2012-01-09 13:31:34 Warning: Warning (2): Cannot modify header information - headers already sent by (output started at C:\xampp\repositorium\app\controllers\documents_controller.php:245) in [C:\xampp\htdocs\repositorium\cake\libs\controller\controller.php, line 742]
2012-01-09 13:32:53 Warning: Warning (2): Cannot modify header information - headers already sent by (output started at C:\xampp\repositorium\app\controllers\documents_controller.php:245) in [C:\xampp\htdocs\repositorium\cake\libs\controller\controller.php, line 742]
2012-01-09 13:40:30 Warning: Warning (2): Cannot modify header information - headers already sent by (output started at C:\xampp\repositorium\app\controllers\documents_controller.php:245) in [C:\xampp\htdocs\repositorium\cake\libs\controller\controller.php, line 742]
2012-01-09 13:48:24 Warning: Warning (2): Cannot modify header information - headers already sent by (output started at C:\xampp\repositorium\app\controllers\documents_controller.php:245) in [C:\xampp\htdocs\repositorium\cake\libs\controller\controller.php, line 742]
2012-01-09 13:49:25 Warning: Warning (2): Cannot modify header information - headers already sent by (output started at C:\xampp\repositorium\app\controllers\documents_controller.php:245) in [C:\xampp\htdocs\repositorium\cake\libs\controller\controller.php, line 742]
2012-01-09 13:56:43 Warning: Warning (2): Cannot modify header information - headers already sent by (output started at C:\xampp\repositorium\app\controllers\documents_controller.php:245) in [C:\xampp\repositorium\cake\libs\controller\controller.php, line 742]
2012-01-09 14:06:55 Warning: Warning (2): Cannot modify header information - headers already sent by (output started at C:\xampp\repositorium\app\controllers\documents_controller.php:245) in [C:\xampp\repositorium\cake\libs\controller\controller.php, line 742]
2012-01-09 14:13:41 Warning: Warning (2): Cannot modify header information - headers already sent by (output started at C:\xampp\repositorium\app\controllers\documents_controller.php:245) in [C:\xampp\repositorium\cake\libs\controller\controller.php, line 742]
2012-01-09 14:15:00 Warning: Warning (2): Cannot modify header information - headers already sent by (output started at C:\xampp\repositorium\app\controllers\documents_controller.php:245) in [C:\xampp\repositorium\cake\libs\controller\controller.php, line 742]
2012-01-09 14:24:18 Warning: Warning (2): Cannot modify header information - headers already sent by (output started at C:\xampp\repositorium\app\controllers\documents_controller.php:245) in [C:\xampp\repositorium\cake\libs\controller\controller.php, line 742]
2012-01-09 14:25:53 Warning: Warning (2): Cannot modify header information - headers already sent by (output started at C:\xampp\repositorium\app\controllers\documents_controller.php:245) in [C:\xampp\repositorium\cake\libs\controller\controller.php, line 742]
2012-01-09 14:29:06 Warning: Warning (2): Cannot modify header information - headers already sent by (output started at C:\xampp\repositorium\app\controllers\documents_controller.php:245) in [C:\xampp\repositorium\cake\libs\controller\controller.php, line 742]
2012-01-09 14:32:47 Warning: Warning (2): Cannot modify header information - headers already sent by (output started at C:\xampp\repositorium\app\controllers\documents_controller.php:245) in [C:\xampp\repositorium\cake\libs\controller\controller.php, line 742]
2012-01-09 14:35:45 Warning: Warning (2): Cannot modify header information - headers already sent by (output started at C:\xampp\repositorium\app\controllers\documents_controller.php:245) in [C:\xampp\repositorium\cake\libs\controller\controller.php, line 742]
2012-01-09 14:36:59 Warning: Warning (2): Cannot modify header information - headers already sent by (output started at C:\xampp\repositorium\app\controllers\documents_controller.php:245) in [C:\xampp\repositorium\cake\libs\controller\controller.php, line 742]
2012-01-09 14:39:56 Warning: Warning (2): pg_query() expects parameter 1 to be resource, null given in [C:\xampp\repositorium\app\views\admin_documentos\listar_warneds.ctp, line 76]
2012-01-09 14:39:56 Warning: Warning (2): pg_fetch_assoc() expects parameter 1 to be resource, null given in [C:\xampp\repositorium\app\views\admin_documentos\listar_warneds.ctp, line 81]
2012-01-09 14:39:57 Warning: Warning (2): Invalid argument supplied for foreach() in [C:\xampp\repositorium\app\views\admin_documentos\listar_warneds.ctp, line 380]
2012-01-09 14:40:29 Warning: Warning (2): pg_query() expects parameter 1 to be resource, null given in [C:\xampp\repositorium\app\views\admin_documentos\listar_warneds.ctp, line 76]
2012-01-09 14:40:29 Warning: Warning (2): pg_fetch_assoc() expects parameter 1 to be resource, null given in [C:\xampp\repositorium\app\views\admin_documentos\listar_warneds.ctp, line 81]
2012-01-09 14:40:31 Warning: Warning (2): pg_query() expects parameter 1 to be resource, null given in [C:\xampp\repositorium\app\views\admin_documentos\listar_warneds.ctp, line 76]
2012-01-09 14:40:31 Warning: Warning (2): pg_fetch_assoc() expects parameter 1 to be resource, null given in [C:\xampp\repositorium\app\views\admin_documentos\listar_warneds.ctp, line 81]
2012-01-09 14:50:12 Warning: Warning (2): Cannot modify header information - headers already sent by (output started at C:\xampp\repositorium\app\controllers\documents_controller.php:245) in [C:\xampp\repositorium\cake\libs\controller\controller.php, line 742]
